<?xml version="1.0" encoding="UTF-8"?>
<testng-results ignored="0" total="1" passed="1" failed="0" skipped="0">
  <reporter-output>
  </reporter-output>
  <suite started-at="2026-06-21T21:47:06 IST" name="Suite" finished-at="2026-06-21T21:47:10 IST" duration-ms="4322">
    <groups>
    </groups>
    <test started-at="2026-06-21T21:47:06 IST" name="Test" finished-at="2026-06-21T21:47:10 IST" duration-ms="4322">
      <class name="test.HomePageTest">
        <test-method is-config="true" signature="setup()[pri:0, instance:test.HomePageTest@7a4ccb53]" started-at="2026-06-21T21:47:06 IST" name="setup" finished-at="2026-06-21T21:47:09 IST" duration-ms="2975" status="PASS">
          <reporter-output>
          </reporter-output>
        </test-method> <!-- setup -->
        <test-method signature="loginIntoWeb()[pri:0, instance:test.HomePageTest@7a4ccb53]" started-at="2026-06-21T21:47:09 IST" name="loginIntoWeb" finished-at="2026-06-21T21:47:10 IST" duration-ms="1274" status="PASS">
          <reporter-output>
          </reporter-output>
        </test-method> <!-- loginIntoWeb -->
      </class> <!-- test.HomePageTest -->
    </test> <!-- Test -->
  </suite> <!-- Suite -->
</testng-results>
