<?xml version="1.0" encoding="UTF-8"?>
<testng-results ignored="0" total="1" passed="1" failed="0" skipped="0">
  <reporter-output>
  </reporter-output>
  <suite started-at="2026-06-21T19:15:24 IST" name="Suite" finished-at="2026-06-21T19:15:32 IST" duration-ms="7237">
    <groups>
    </groups>
    <test started-at="2026-06-21T19:15:24 IST" name="Test" finished-at="2026-06-21T19:15:32 IST" duration-ms="7237">
      <class name="test.HomePageTest">
        <test-method is-config="true" signature="setup()[pri:0, instance:test.HomePageTest@18ce0030]" started-at="2026-06-21T19:15:24 IST" name="setup" finished-at="2026-06-21T19:15:27 IST" duration-ms="3004" status="PASS">
          <reporter-output>
          </reporter-output>
        </test-method> <!-- setup -->
        <test-method signature="loginIntoWeb()[pri:0, instance:test.HomePageTest@18ce0030]" started-at="2026-06-21T19:15:27 IST" name="loginIntoWeb" finished-at="2026-06-21T19:15:31 IST" duration-ms="3719" status="PASS">
          <reporter-output>
          </reporter-output>
        </test-method> <!-- loginIntoWeb -->
        <test-method is-config="true" signature="tearDown()[pri:0, instance:test.HomePageTest@18ce0030]" started-at="2026-06-21T19:15:31 IST" name="tearDown" finished-at="2026-06-21T19:15:32 IST" duration-ms="446" status="PASS">
          <reporter-output>
          </reporter-output>
        </test-method> <!-- tearDown -->
      </class> <!-- test.HomePageTest -->
    </test> <!-- Test -->
  </suite> <!-- Suite -->
</testng-results>
